<?xml version="1.0" encoding="UTF-8"?>
<!-- Generated by org.testng.reporters.JUnitReportReporter -->
<testsuite skipped="0" hostname="INND3LTB8MGX33" name="smoke.PutIssuer" tests="1" failures="0" timestamp="25 Aug 2022 05:39:04 GMT" time="4.936" errors="0">
  <testcase name="postIssuer" time="4.936" classname="smoke.PutIssuer"/>
</testsuite> <!-- smoke.PutIssuer -->
