<?xml version="1.0" encoding="UTF-8"?>
<!-- Generated by org.testng.reporters.JUnitReportReporter -->
<testsuite skipped="0" hostname="INND3LTB8MGX33" name="smoke.PutIssuer2" tests="1" failures="0" timestamp="25 Aug 2022 11:15:13 GMT" time="2.430" errors="0">
  <testcase name="postIssuer" time="2.430" classname="smoke.PutIssuer2"/>
</testsuite> <!-- smoke.PutIssuer2 -->
